100
15 0 2333 0 2333 0 2333 0 2333 0 2333 0 2333 0 2333 0 2333 0 2333 0 2333 0 2333 0 2333 0 2333 0 2333 0 2333 
16 0 2333 1 2333 1 2333 1 2333 1 2333 1 2333 1 2333 1 2333 1 2333 1 2333 1 2333 1 2333 1 2333 1 2333 1 2333 1 2333 
16 1 2333 2 2333 2 2333 2 2333 2 2333 2 2333 2 2333 2 2333 2 2333 2 2333 2 2333 2 2333 2 2333 2 2333 2 2333 2 2333 
16 2 2333 3 2333 3 2333 3 2333 3 2333 3 2333 3 2333 3 2333 3 2333 3 2333 3 2333 3 2333 3 2333 3 2333 3 2333 3 2333 
16 3 2333 4 2333 4 2333 4 2333 4 2333 4 2333 4 2333 4 2333 4 2333 4 2333 4 2333 4 2333 4 2333 4 2333 4 2333 4 2333 
16 4 2333 5 2333 5 2333 5 2333 5 2333 5 2333 5 2333 5 2333 5 2333 5 2333 5 2333 5 2333 5 2333 5 2333 5 2333 5 2333 
16 5 2333 6 2333 6 2333 6 2333 6 2333 6 2333 6 2333 6 2333 6 2333 6 2333 6 2333 6 2333 6 2333 6 2333 6 2333 6 2333 
16 6 2333 7 2333 7 2333 7 2333 7 2333 7 2333 7 2333 7 2333 7 2333 7 2333 7 2333 7 2333 7 2333 7 2333 7 2333 7 2333 
16 7 2333 8 2333 8 2333 8 2333 8 2333 8 2333 8 2333 8 2333 8 2333 8 2333 8 2333 8 2333 8 2333 8 2333 8 2333 8 2333 
16 8 2333 9 2333 9 2333 9 2333 9 2333 9 2333 9 2333 9 2333 9 2333 9 2333 9 2333 9 2333 9 2333 9 2333 9 2333 9 2333 
16 9 2333 10 2333 10 2333 10 2333 10 2333 10 2333 10 2333 10 2333 10 2333 10 2333 10 2333 10 2333 10 2333 10 2333 10 2333 10 2333 
16 10 2333 11 2333 11 2333 11 2333 11 2333 11 2333 11 2333 11 2333 11 2333 11 2333 11 2333 11 2333 11 2333 11 2333 11 2333 11 2333 
16 11 2333 12 2333 12 2333 12 2333 12 2333 12 2333 12 2333 12 2333 12 2333 12 2333 12 2333 12 2333 12 2333 12 2333 12 2333 12 2333 
16 12 2333 13 2333 13 2333 13 2333 13 2333 13 2333 13 2333 13 2333 13 2333 13 2333 13 2333 13 2333 13 2333 13 2333 13 2333 13 2333 
16 13 2333 14 2333 14 2333 14 2333 14 2333 14 2333 14 2333 14 2333 14 2333 14 2333 14 2333 14 2333 14 2333 14 2333 14 2333 14 2333 
16 14 2333 15 2333 15 2333 15 2333 15 2333 15 2333 15 2333 15 2333 15 2333 15 2333 15 2333 15 2333 15 2333 15 2333 15 2333 15 2333 
16 15 2333 16 2333 16 2333 16 2333 16 2333 16 2333 16 2333 16 2333 16 2333 16 2333 16 2333 16 2333 16 2333 16 2333 16 2333 16 2333 
16 16 2333 17 2333 17 2333 17 2333 17 2333 17 2333 17 2333 17 2333 17 2333 17 2333 17 2333 17 2333 17 2333 17 2333 17 2333 17 2333 
16 17 2333 18 2333 18 2333 18 2333 18 2333 18 2333 18 2333 18 2333 18 2333 18 2333 18 2333 18 2333 18 2333 18 2333 18 2333 18 2333 
16 18 2333 19 2333 19 2333 19 2333 19 2333 19 2333 19 2333 19 2333 19 2333 19 2333 19 2333 19 2333 19 2333 19 2333 19 2333 19 2333 
16 19 2333 20 2333 20 2333 20 2333 20 2333 20 2333 20 2333 20 2333 20 2333 20 2333 20 2333 20 2333 20 2333 20 2333 20 2333 20 2333 
16 20 2333 21 2333 21 2333 21 2333 21 2333 21 2333 21 2333 21 2333 21 2333 21 2333 21 2333 21 2333 21 2333 21 2333 21 2333 21 2333 
16 21 2333 22 2333 22 2333 22 2333 22 2333 22 2333 22 2333 22 2333 22 2333 22 2333 22 2333 22 2333 22 2333 22 2333 22 2333 22 2333 
16 22 2333 23 2333 23 2333 23 2333 23 2333 23 2333 23 2333 23 2333 23 2333 23 2333 23 2333 23 2333 23 2333 23 2333 23 2333 23 2333 
16 23 2333 24 2333 24 2333 24 2333 24 2333 24 2333 24 2333 24 2333 24 2333 24 2333 24 2333 24 2333 24 2333 24 2333 24 2333 24 2333 
16 24 2333 25 2333 25 2333 25 2333 25 2333 25 2333 25 2333 25 2333 25 2333 25 2333 25 2333 25 2333 25 2333 25 2333 25 2333 25 2333 
16 25 2333 26 2333 26 2333 26 2333 26 2333 26 2333 26 2333 26 2333 26 2333 26 2333 26 2333 26 2333 26 2333 26 2333 26 2333 26 2333 
16 26 2333 27 2333 27 2333 27 2333 27 2333 27 2333 27 2333 27 2333 27 2333 27 2333 27 2333 27 2333 27 2333 27 2333 27 2333 27 2333 
16 27 2333 28 2333 28 2333 28 2333 28 2333 28 2333 28 2333 28 2333 28 2333 28 2333 28 2333 28 2333 28 2333 28 2333 28 2333 28 2333 
16 28 2333 29 2333 29 2333 29 2333 29 2333 29 2333 29 2333 29 2333 29 2333 29 2333 29 2333 29 2333 29 2333 29 2333 29 2333 29 2333 
16 29 2333 30 2333 30 2333 30 2333 30 2333 30 2333 30 2333 30 2333 30 2333 30 2333 30 2333 30 2333 30 2333 30 2333 30 2333 30 2333 
16 30 2333 31 2333 31 2333 31 2333 31 2333 31 2333 31 2333 31 2333 31 2333 31 2333 31 2333 31 2333 31 2333 31 2333 31 2333 31 2333 
16 31 2333 32 2333 32 2333 32 2333 32 2333 32 2333 32 2333 32 2333 32 2333 32 2333 32 2333 32 2333 32 2333 32 2333 32 2333 32 2333 
16 32 2333 33 2333 33 2333 33 2333 33 2333 33 2333 33 2333 33 2333 33 2333 33 2333 33 2333 33 2333 33 2333 33 2333 33 2333 33 2333 
16 33 2333 34 2333 34 2333 34 2333 34 2333 34 2333 34 2333 34 2333 34 2333 34 2333 34 2333 34 2333 34 2333 34 2333 34 2333 34 2333 
16 34 2333 35 2333 35 2333 35 2333 35 2333 35 2333 35 2333 35 2333 35 2333 35 2333 35 2333 35 2333 35 2333 35 2333 35 2333 35 2333 
16 35 2333 36 2333 36 2333 36 2333 36 2333 36 2333 36 2333 36 2333 36 2333 36 2333 36 2333 36 2333 36 2333 36 2333 36 2333 36 2333 
16 36 2333 37 2333 37 2333 37 2333 37 2333 37 2333 37 2333 37 2333 37 2333 37 2333 37 2333 37 2333 37 2333 37 2333 37 2333 37 2333 
16 37 2333 38 2333 38 2333 38 2333 38 2333 38 2333 38 2333 38 2333 38 2333 38 2333 38 2333 38 2333 38 2333 38 2333 38 2333 38 2333 
16 38 2333 39 2333 39 2333 39 2333 39 2333 39 2333 39 2333 39 2333 39 2333 39 2333 39 2333 39 2333 39 2333 39 2333 39 2333 39 2333 
16 39 2333 40 2333 40 2333 40 2333 40 2333 40 2333 40 2333 40 2333 40 2333 40 2333 40 2333 40 2333 40 2333 40 2333 40 2333 40 2333 
16 40 2333 41 2333 41 2333 41 2333 41 2333 41 2333 41 2333 41 2333 41 2333 41 2333 41 2333 41 2333 41 2333 41 2333 41 2333 41 2333 
16 41 2333 42 2333 42 2333 42 2333 42 2333 42 2333 42 2333 42 2333 42 2333 42 2333 42 2333 42 2333 42 2333 42 2333 42 2333 42 2333 
16 42 2333 43 2333 43 2333 43 2333 43 2333 43 2333 43 2333 43 2333 43 2333 43 2333 43 2333 43 2333 43 2333 43 2333 43 2333 43 2333 
16 43 2333 44 2333 44 2333 44 2333 44 2333 44 2333 44 2333 44 2333 44 2333 44 2333 44 2333 44 2333 44 2333 44 2333 44 2333 44 2333 
16 44 2333 45 2333 45 2333 45 2333 45 2333 45 2333 45 2333 45 2333 45 2333 45 2333 45 2333 45 2333 45 2333 45 2333 45 2333 45 2333 
16 45 2333 46 2333 46 2333 46 2333 46 2333 46 2333 46 2333 46 2333 46 2333 46 2333 46 2333 46 2333 46 2333 46 2333 46 2333 46 2333 
16 46 2333 47 2333 47 2333 47 2333 47 2333 47 2333 47 2333 47 2333 47 2333 47 2333 47 2333 47 2333 47 2333 47 2333 47 2333 47 2333 
16 47 2333 48 2333 48 2333 48 2333 48 2333 48 2333 48 2333 48 2333 48 2333 48 2333 48 2333 48 2333 48 2333 48 2333 48 2333 48 2333 
16 48 2333 49 2333 49 2333 49 2333 49 2333 49 2333 49 2333 49 2333 49 2333 49 2333 49 2333 49 2333 49 2333 49 2333 49 2333 49 2333 
16 49 2333 50 2333 50 2333 50 2333 50 2333 50 2333 50 2333 50 2333 50 2333 50 2333 50 2333 50 2333 50 2333 50 2333 50 2333 50 2333 
16 50 2333 51 2333 51 2333 51 2333 51 2333 51 2333 51 2333 51 2333 51 2333 51 2333 51 2333 51 2333 51 2333 51 2333 51 2333 51 2333 
16 51 2333 52 2333 52 2333 52 2333 52 2333 52 2333 52 2333 52 2333 52 2333 52 2333 52 2333 52 2333 52 2333 52 2333 52 2333 52 2333 
16 52 2333 53 2333 53 2333 53 2333 53 2333 53 2333 53 2333 53 2333 53 2333 53 2333 53 2333 53 2333 53 2333 53 2333 53 2333 53 2333 
16 53 2333 54 2333 54 2333 54 2333 54 2333 54 2333 54 2333 54 2333 54 2333 54 2333 54 2333 54 2333 54 2333 54 2333 54 2333 54 2333 
16 54 2333 55 2333 55 2333 55 2333 55 2333 55 2333 55 2333 55 2333 55 2333 55 2333 55 2333 55 2333 55 2333 55 2333 55 2333 55 2333 
16 55 2333 56 2333 56 2333 56 2333 56 2333 56 2333 56 2333 56 2333 56 2333 56 2333 56 2333 56 2333 56 2333 56 2333 56 2333 56 2333 
16 56 2333 57 2333 57 2333 57 2333 57 2333 57 2333 57 2333 57 2333 57 2333 57 2333 57 2333 57 2333 57 2333 57 2333 57 2333 57 2333 
16 57 2333 58 2333 58 2333 58 2333 58 2333 58 2333 58 2333 58 2333 58 2333 58 2333 58 2333 58 2333 58 2333 58 2333 58 2333 58 2333 
16 58 2333 59 2333 59 2333 59 2333 59 2333 59 2333 59 2333 59 2333 59 2333 59 2333 59 2333 59 2333 59 2333 59 2333 59 2333 59 2333 
16 59 2333 60 2333 60 2333 60 2333 60 2333 60 2333 60 2333 60 2333 60 2333 60 2333 60 2333 60 2333 60 2333 60 2333 60 2333 60 2333 
16 60 2333 61 2333 61 2333 61 2333 61 2333 61 2333 61 2333 61 2333 61 2333 61 2333 61 2333 61 2333 61 2333 61 2333 61 2333 61 2333 
16 61 2333 62 2333 62 2333 62 2333 62 2333 62 2333 62 2333 62 2333 62 2333 62 2333 62 2333 62 2333 62 2333 62 2333 62 2333 62 2333 
16 62 2333 63 2333 63 2333 63 2333 63 2333 63 2333 63 2333 63 2333 63 2333 63 2333 63 2333 63 2333 63 2333 63 2333 63 2333 63 2333 
16 63 2333 64 2333 64 2333 64 2333 64 2333 64 2333 64 2333 64 2333 64 2333 64 2333 64 2333 64 2333 64 2333 64 2333 64 2333 64 2333 
16 64 2333 65 2333 65 2333 65 2333 65 2333 65 2333 65 2333 65 2333 65 2333 65 2333 65 2333 65 2333 65 2333 65 2333 65 2333 65 2333 
11 65 2333 66 2333 66 2333 66 2333 66 2333 66 2333 66 2333 66 2333 66 2333 66 2333 66 2333 
1 66 2333 
1 67 2333 
1 68 2333 
1 69 2333 
1 70 2333 
1 71 2333 
1 72 2333 
1 73 2333 
1 74 2333 
1 75 2333 
1 76 2333 
1 77 2333 
1 78 2333 
1 79 2333 
1 80 2333 
1 81 2333 
1 82 2333 
1 83 2333 
1 84 2333 
1 85 2333 
1 86 2333 
1 87 2333 
1 88 2333 
1 89 2333 
1 90 2333 
1 91 2333 
1 92 2333 
1 93 2333 
1 94 2333 
1 95 2333 
1 96 2333 
1 97 2333 
1 98 2333 
10
99 0
99 0
99 0
99 0
99 0
99 0
99 0
99 0
99 0
99 0
