288
15 0 2333 0 2333 0 2333 0 2333 0 2333 0 2333 0 2333 0 2333 0 2333 0 2333 0 2333 0 2333 0 2333 0 2333 0 2333 
16 0 2333 1 2333 1 2333 1 2333 1 2333 1 2333 1 2333 1 2333 1 2333 1 2333 1 2333 1 2333 1 2333 1 2333 1 2333 1 2333 
16 1 2333 2 2333 2 2333 2 2333 2 2333 2 2333 2 2333 2 2333 2 2333 2 2333 2 2333 2 2333 2 2333 2 2333 2 2333 2 2333 
16 2 2333 3 2333 3 2333 3 2333 3 2333 3 2333 3 2333 3 2333 3 2333 3 2333 3 2333 3 2333 3 2333 3 2333 3 2333 3 2333 
16 3 2333 4 2333 4 2333 4 2333 4 2333 4 2333 4 2333 4 2333 4 2333 4 2333 4 2333 4 2333 4 2333 4 2333 4 2333 4 2333 
16 4 2333 5 2333 5 2333 5 2333 5 2333 5 2333 5 2333 5 2333 5 2333 5 2333 5 2333 5 2333 5 2333 5 2333 5 2333 5 2333 
16 5 2333 6 2333 6 2333 6 2333 6 2333 6 2333 6 2333 6 2333 6 2333 6 2333 6 2333 6 2333 6 2333 6 2333 6 2333 6 2333 
16 6 2333 7 2333 7 2333 7 2333 7 2333 7 2333 7 2333 7 2333 7 2333 7 2333 7 2333 7 2333 7 2333 7 2333 7 2333 7 2333 
16 7 2333 8 2333 8 2333 8 2333 8 2333 8 2333 8 2333 8 2333 8 2333 8 2333 8 2333 8 2333 8 2333 8 2333 8 2333 8 2333 
16 8 2333 9 2333 9 2333 9 2333 9 2333 9 2333 9 2333 9 2333 9 2333 9 2333 9 2333 9 2333 9 2333 9 2333 9 2333 9 2333 
16 9 2333 10 2333 10 2333 10 2333 10 2333 10 2333 10 2333 10 2333 10 2333 10 2333 10 2333 10 2333 10 2333 10 2333 10 2333 10 2333 
16 10 2333 11 2333 11 2333 11 2333 11 2333 11 2333 11 2333 11 2333 11 2333 11 2333 11 2333 11 2333 11 2333 11 2333 11 2333 11 2333 
16 11 2333 12 2333 12 2333 12 2333 12 2333 12 2333 12 2333 12 2333 12 2333 12 2333 12 2333 12 2333 12 2333 12 2333 12 2333 12 2333 
16 12 2333 13 2333 13 2333 13 2333 13 2333 13 2333 13 2333 13 2333 13 2333 13 2333 13 2333 13 2333 13 2333 13 2333 13 2333 13 2333 
16 13 2333 14 2333 14 2333 14 2333 14 2333 14 2333 14 2333 14 2333 14 2333 14 2333 14 2333 14 2333 14 2333 14 2333 14 2333 14 2333 
16 14 2333 15 2333 15 2333 15 2333 15 2333 15 2333 15 2333 15 2333 15 2333 15 2333 15 2333 15 2333 15 2333 15 2333 15 2333 15 2333 
16 15 2333 16 2333 16 2333 16 2333 16 2333 16 2333 16 2333 16 2333 16 2333 16 2333 16 2333 16 2333 16 2333 16 2333 16 2333 16 2333 
16 16 2333 17 2333 17 2333 17 2333 17 2333 17 2333 17 2333 17 2333 17 2333 17 2333 17 2333 17 2333 17 2333 17 2333 17 2333 17 2333 
16 17 2333 18 2333 18 2333 18 2333 18 2333 18 2333 18 2333 18 2333 18 2333 18 2333 18 2333 18 2333 18 2333 18 2333 18 2333 18 2333 
16 18 2333 19 2333 19 2333 19 2333 19 2333 19 2333 19 2333 19 2333 19 2333 19 2333 19 2333 19 2333 19 2333 19 2333 19 2333 19 2333 
16 19 2333 20 2333 20 2333 20 2333 20 2333 20 2333 20 2333 20 2333 20 2333 20 2333 20 2333 20 2333 20 2333 20 2333 20 2333 20 2333 
16 20 2333 21 2333 21 2333 21 2333 21 2333 21 2333 21 2333 21 2333 21 2333 21 2333 21 2333 21 2333 21 2333 21 2333 21 2333 21 2333 
16 21 2333 22 2333 22 2333 22 2333 22 2333 22 2333 22 2333 22 2333 22 2333 22 2333 22 2333 22 2333 22 2333 22 2333 22 2333 22 2333 
16 22 2333 23 2333 23 2333 23 2333 23 2333 23 2333 23 2333 23 2333 23 2333 23 2333 23 2333 23 2333 23 2333 23 2333 23 2333 23 2333 
16 23 2333 24 2333 24 2333 24 2333 24 2333 24 2333 24 2333 24 2333 24 2333 24 2333 24 2333 24 2333 24 2333 24 2333 24 2333 24 2333 
16 24 2333 25 2333 25 2333 25 2333 25 2333 25 2333 25 2333 25 2333 25 2333 25 2333 25 2333 25 2333 25 2333 25 2333 25 2333 25 2333 
16 25 2333 26 2333 26 2333 26 2333 26 2333 26 2333 26 2333 26 2333 26 2333 26 2333 26 2333 26 2333 26 2333 26 2333 26 2333 26 2333 
16 26 2333 27 2333 27 2333 27 2333 27 2333 27 2333 27 2333 27 2333 27 2333 27 2333 27 2333 27 2333 27 2333 27 2333 27 2333 27 2333 
16 27 2333 28 2333 28 2333 28 2333 28 2333 28 2333 28 2333 28 2333 28 2333 28 2333 28 2333 28 2333 28 2333 28 2333 28 2333 28 2333 
16 28 2333 29 2333 29 2333 29 2333 29 2333 29 2333 29 2333 29 2333 29 2333 29 2333 29 2333 29 2333 29 2333 29 2333 29 2333 29 2333 
16 29 2333 30 2333 30 2333 30 2333 30 2333 30 2333 30 2333 30 2333 30 2333 30 2333 30 2333 30 2333 30 2333 30 2333 30 2333 30 2333 
16 30 2333 31 2333 31 2333 31 2333 31 2333 31 2333 31 2333 31 2333 31 2333 31 2333 31 2333 31 2333 31 2333 31 2333 31 2333 31 2333 
16 31 2333 32 2333 32 2333 32 2333 32 2333 32 2333 32 2333 32 2333 32 2333 32 2333 32 2333 32 2333 32 2333 32 2333 32 2333 32 2333 
16 32 2333 33 2333 33 2333 33 2333 33 2333 33 2333 33 2333 33 2333 33 2333 33 2333 33 2333 33 2333 33 2333 33 2333 33 2333 33 2333 
16 33 2333 34 2333 34 2333 34 2333 34 2333 34 2333 34 2333 34 2333 34 2333 34 2333 34 2333 34 2333 34 2333 34 2333 34 2333 34 2333 
16 34 2333 35 2333 35 2333 35 2333 35 2333 35 2333 35 2333 35 2333 35 2333 35 2333 35 2333 35 2333 35 2333 35 2333 35 2333 35 2333 
16 35 2333 36 2333 36 2333 36 2333 36 2333 36 2333 36 2333 36 2333 36 2333 36 2333 36 2333 36 2333 36 2333 36 2333 36 2333 36 2333 
16 36 2333 37 2333 37 2333 37 2333 37 2333 37 2333 37 2333 37 2333 37 2333 37 2333 37 2333 37 2333 37 2333 37 2333 37 2333 37 2333 
16 37 2333 38 2333 38 2333 38 2333 38 2333 38 2333 38 2333 38 2333 38 2333 38 2333 38 2333 38 2333 38 2333 38 2333 38 2333 38 2333 
16 38 2333 39 2333 39 2333 39 2333 39 2333 39 2333 39 2333 39 2333 39 2333 39 2333 39 2333 39 2333 39 2333 39 2333 39 2333 39 2333 
16 39 2333 40 2333 40 2333 40 2333 40 2333 40 2333 40 2333 40 2333 40 2333 40 2333 40 2333 40 2333 40 2333 40 2333 40 2333 40 2333 
16 40 2333 41 2333 41 2333 41 2333 41 2333 41 2333 41 2333 41 2333 41 2333 41 2333 41 2333 41 2333 41 2333 41 2333 41 2333 41 2333 
16 41 2333 42 2333 42 2333 42 2333 42 2333 42 2333 42 2333 42 2333 42 2333 42 2333 42 2333 42 2333 42 2333 42 2333 42 2333 42 2333 
16 42 2333 43 2333 43 2333 43 2333 43 2333 43 2333 43 2333 43 2333 43 2333 43 2333 43 2333 43 2333 43 2333 43 2333 43 2333 43 2333 
16 43 2333 44 2333 44 2333 44 2333 44 2333 44 2333 44 2333 44 2333 44 2333 44 2333 44 2333 44 2333 44 2333 44 2333 44 2333 44 2333 
16 44 2333 45 2333 45 2333 45 2333 45 2333 45 2333 45 2333 45 2333 45 2333 45 2333 45 2333 45 2333 45 2333 45 2333 45 2333 45 2333 
16 45 2333 46 2333 46 2333 46 2333 46 2333 46 2333 46 2333 46 2333 46 2333 46 2333 46 2333 46 2333 46 2333 46 2333 46 2333 46 2333 
16 46 2333 47 2333 47 2333 47 2333 47 2333 47 2333 47 2333 47 2333 47 2333 47 2333 47 2333 47 2333 47 2333 47 2333 47 2333 47 2333 
16 47 2333 48 2333 48 2333 48 2333 48 2333 48 2333 48 2333 48 2333 48 2333 48 2333 48 2333 48 2333 48 2333 48 2333 48 2333 48 2333 
16 48 2333 49 2333 49 2333 49 2333 49 2333 49 2333 49 2333 49 2333 49 2333 49 2333 49 2333 49 2333 49 2333 49 2333 49 2333 49 2333 
16 49 2333 50 2333 50 2333 50 2333 50 2333 50 2333 50 2333 50 2333 50 2333 50 2333 50 2333 50 2333 50 2333 50 2333 50 2333 50 2333 
16 50 2333 51 2333 51 2333 51 2333 51 2333 51 2333 51 2333 51 2333 51 2333 51 2333 51 2333 51 2333 51 2333 51 2333 51 2333 51 2333 
16 51 2333 52 2333 52 2333 52 2333 52 2333 52 2333 52 2333 52 2333 52 2333 52 2333 52 2333 52 2333 52 2333 52 2333 52 2333 52 2333 
16 52 2333 53 2333 53 2333 53 2333 53 2333 53 2333 53 2333 53 2333 53 2333 53 2333 53 2333 53 2333 53 2333 53 2333 53 2333 53 2333 
16 53 2333 54 2333 54 2333 54 2333 54 2333 54 2333 54 2333 54 2333 54 2333 54 2333 54 2333 54 2333 54 2333 54 2333 54 2333 54 2333 
16 54 2333 55 2333 55 2333 55 2333 55 2333 55 2333 55 2333 55 2333 55 2333 55 2333 55 2333 55 2333 55 2333 55 2333 55 2333 55 2333 
16 55 2333 56 2333 56 2333 56 2333 56 2333 56 2333 56 2333 56 2333 56 2333 56 2333 56 2333 56 2333 56 2333 56 2333 56 2333 56 2333 
16 56 2333 57 2333 57 2333 57 2333 57 2333 57 2333 57 2333 57 2333 57 2333 57 2333 57 2333 57 2333 57 2333 57 2333 57 2333 57 2333 
16 57 2333 58 2333 58 2333 58 2333 58 2333 58 2333 58 2333 58 2333 58 2333 58 2333 58 2333 58 2333 58 2333 58 2333 58 2333 58 2333 
16 58 2333 59 2333 59 2333 59 2333 59 2333 59 2333 59 2333 59 2333 59 2333 59 2333 59 2333 59 2333 59 2333 59 2333 59 2333 59 2333 
16 59 2333 60 2333 60 2333 60 2333 60 2333 60 2333 60 2333 60 2333 60 2333 60 2333 60 2333 60 2333 60 2333 60 2333 60 2333 60 2333 
16 60 2333 61 2333 61 2333 61 2333 61 2333 61 2333 61 2333 61 2333 61 2333 61 2333 61 2333 61 2333 61 2333 61 2333 61 2333 61 2333 
16 61 2333 62 2333 62 2333 62 2333 62 2333 62 2333 62 2333 62 2333 62 2333 62 2333 62 2333 62 2333 62 2333 62 2333 62 2333 62 2333 
16 62 2333 63 2333 63 2333 63 2333 63 2333 63 2333 63 2333 63 2333 63 2333 63 2333 63 2333 63 2333 63 2333 63 2333 63 2333 63 2333 
16 63 2333 64 2333 64 2333 64 2333 64 2333 64 2333 64 2333 64 2333 64 2333 64 2333 64 2333 64 2333 64 2333 64 2333 64 2333 64 2333 
16 64 2333 65 2333 65 2333 65 2333 65 2333 65 2333 65 2333 65 2333 65 2333 65 2333 65 2333 65 2333 65 2333 65 2333 65 2333 65 2333 
11 65 2333 66 2333 66 2333 66 2333 66 2333 66 2333 66 2333 66 2333 66 2333 66 2333 66 2333 
1 66 2333 
1 67 2333 
1 68 2333 
1 69 2333 
1 70 2333 
1 71 2333 
1 72 2333 
1 73 2333 
1 74 2333 
1 75 2333 
1 76 2333 
1 77 2333 
1 78 2333 
1 79 2333 
1 80 2333 
1 81 2333 
1 82 2333 
1 83 2333 
1 84 2333 
1 85 2333 
1 86 2333 
1 87 2333 
1 88 2333 
1 89 2333 
1 90 2333 
1 91 2333 
1 92 2333 
1 93 2333 
1 94 2333 
1 95 2333 
1 96 2333 
1 97 2333 
1 98 2333 
1 99 2333 
1 100 2333 
1 101 2333 
1 102 2333 
1 103 2333 
1 104 2333 
1 105 2333 
1 106 2333 
1 107 2333 
1 108 2333 
1 109 2333 
1 110 2333 
1 111 2333 
1 112 2333 
1 113 2333 
1 114 2333 
1 115 2333 
1 116 2333 
1 117 2333 
1 118 2333 
1 119 2333 
1 120 2333 
1 121 2333 
1 122 2333 
1 123 2333 
1 124 2333 
1 125 2333 
1 126 2333 
1 127 2333 
1 128 2333 
1 129 2333 
1 130 2333 
1 131 2333 
1 132 2333 
1 133 2333 
1 134 2333 
1 135 2333 
1 136 2333 
1 137 2333 
1 138 2333 
1 139 2333 
1 140 2333 
1 141 2333 
1 142 2333 
1 143 2333 
1 144 2333 
1 145 2333 
1 146 2333 
1 147 2333 
1 148 2333 
1 149 2333 
1 150 2333 
1 151 2333 
1 152 2333 
1 153 2333 
1 154 2333 
1 155 2333 
1 156 2333 
1 157 2333 
1 158 2333 
1 159 2333 
1 160 2333 
1 161 2333 
1 162 2333 
1 163 2333 
1 164 2333 
1 165 2333 
1 166 2333 
1 167 2333 
1 168 2333 
1 169 2333 
1 170 2333 
1 171 2333 
1 172 2333 
1 173 2333 
1 174 2333 
1 175 2333 
1 176 2333 
1 177 2333 
1 178 2333 
1 179 2333 
1 180 2333 
1 181 2333 
1 182 2333 
1 183 2333 
1 184 2333 
1 185 2333 
1 186 2333 
1 187 2333 
1 188 2333 
1 189 2333 
1 190 2333 
1 191 2333 
1 192 2333 
1 193 2333 
1 194 2333 
1 195 2333 
1 196 2333 
1 197 2333 
1 198 2333 
1 199 2333 
1 200 2333 
1 201 2333 
1 202 2333 
1 203 2333 
1 204 2333 
1 205 2333 
1 206 2333 
1 207 2333 
1 208 2333 
1 209 2333 
1 210 2333 
1 211 2333 
1 212 2333 
1 213 2333 
1 214 2333 
1 215 2333 
1 216 2333 
1 217 2333 
1 218 2333 
1 219 2333 
1 220 2333 
1 221 2333 
1 222 2333 
1 223 2333 
1 224 2333 
1 225 2333 
1 226 2333 
1 227 2333 
1 228 2333 
1 229 2333 
1 230 2333 
1 231 2333 
1 232 2333 
1 233 2333 
1 234 2333 
1 235 2333 
1 236 2333 
1 237 2333 
1 238 2333 
1 239 2333 
1 240 2333 
1 241 2333 
1 242 2333 
1 243 2333 
1 244 2333 
1 245 2333 
1 246 2333 
1 247 2333 
1 248 2333 
1 249 2333 
1 250 2333 
1 251 2333 
1 252 2333 
1 253 2333 
1 254 2333 
1 255 2333 
1 256 2333 
1 257 2333 
1 258 2333 
1 259 2333 
1 260 2333 
1 261 2333 
1 262 2333 
1 263 2333 
1 264 2333 
1 265 2333 
1 266 2333 
1 267 2333 
1 268 2333 
1 269 2333 
1 270 2333 
1 271 2333 
1 272 2333 
1 273 2333 
1 274 2333 
1 275 2333 
1 276 2333 
1 277 2333 
1 278 2333 
1 279 2333 
1 280 2333 
1 281 2333 
1 282 2333 
1 283 2333 
1 284 2333 
1 285 2333 
1 286 2333 
10
99 0
99 0
99 0
99 0
99 0
99 0
99 0
99 0
99 0
99 0
